<?xml version="1.0" encoding="UTF-8"?>
<testsuite name="app.AnkiHelperAppTests" tests="1" skipped="0" failures="0" errors="0" timestamp="2021-03-03T19:08:54" hostname="DELL-BTARIFI10" time="0.031">
  <properties/>
  <testcase name="test()" classname="app.AnkiHelperAppTests" time="0.031"/>
  <system-out><![CDATA[test
]]></system-out>
  <system-err><![CDATA[]]></system-err>
</testsuite>
